TN:
SF:d:\snooker_data_lookup\back_end\data_collector\app.js
FN:4,(anonymous_0)
FN:6,(anonymous_1)
FN:16,(anonymous_2)
FNF:3
FNH:0
FNDA:0,(anonymous_0)
FNDA:0,(anonymous_1)
FNDA:0,(anonymous_2)
DA:1,0
DA:2,0
DA:4,0
DA:6,0
DA:8,0
DA:9,0
DA:11,0
DA:16,0
LF:8
LH:0
BRF:0
BRH:0
end_of_record
TN:
SF:d:\snooker_data_lookup\back_end\data_collector\database.js
FNF:0
FNH:0
DA:1,0
DA:3,0
DA:4,0
DA:6,0
LF:4
LH:0
BRF:0
BRH:0
end_of_record
TN:
SF:d:\snooker_data_lookup\back_end\data_collector\collectors\collector.js
FN:3,(anonymous_0)
FN:8,(anonymous_1)
FN:13,(anonymous_2)
FN:15,(anonymous_3)
FN:17,(anonymous_4)
FN:19,(anonymous_5)
FNF:6
FNH:5
FNDA:20,(anonymous_0)
FNDA:2,(anonymous_1)
FNDA:0,(anonymous_2)
FNDA:4,(anonymous_3)
FNDA:4,(anonymous_4)
FNDA:4,(anonymous_5)
DA:5,20
DA:10,2
DA:19,4
DA:21,4
DA:26,2
LF:5
LH:5
BRF:0
BRH:0
end_of_record
TN:
SF:d:\snooker_data_lookup\back_end\data_collector\collectors\playerCollector.js
FN:8,(anonymous_0)
FN:13,(anonymous_1)
FN:17,(anonymous_2)
FN:20,(anonymous_3)
FN:43,(anonymous_4)
FN:48,(anonymous_5)
FN:54,(anonymous_6)
FN:59,(anonymous_7)
FN:66,(anonymous_8)
FN:69,(anonymous_9)
FN:70,(anonymous_10)
FN:73,(anonymous_11)
FNF:12
FNH:11
FNDA:14,(anonymous_0)
FNDA:10,(anonymous_1)
FNDA:10,(anonymous_2)
FNDA:0,(anonymous_3)
FNDA:2,(anonymous_4)
FNDA:2,(anonymous_5)
FNDA:8,(anonymous_6)
FNDA:8,(anonymous_7)
FNDA:12,(anonymous_8)
FNDA:6,(anonymous_9)
FNDA:6,(anonymous_10)
FNDA:8,(anonymous_11)
DA:1,2
DA:2,2
DA:3,2
DA:4,2
DA:10,14
DA:15,10
DA:17,10
DA:22,0
DA:45,2
DA:46,2
DA:48,2
DA:50,2
DA:56,8
DA:57,8
DA:59,8
DA:61,8
DA:63,2
DA:66,8
DA:68,12
DA:69,6
DA:70,6
DA:73,8
DA:78,2
LF:23
LH:22
BRDA:61,0,0,2
BRDA:61,0,1,6
BRF:2
BRH:2
end_of_record
TN:
SF:d:\snooker_data_lookup\back_end\data_collector\models\playerModel.js
FNF:0
FNH:0
DA:1,2
DA:3,2
DA:23,2
LF:3
LH:3
BRF:0
BRH:0
end_of_record
